{
  "RSpec": {
    "coverage": {
      "/home/gregory/Desktop/seed_shop/spec/controllers/products_controller_spec.rb": [
        1,
        null,
        1,
        2,
        2,
        2,
        2,
        2,
        2,
        2,
        2,
        null
      ],
      "/home/gregory/Desktop/seed_shop/spec/features/add_product_to_category_pages_spec.rb": [
        1,
        null,
        1,
        1,
        1,
        1,
        1,
        1,
        0,
        0,
        0,
        0,
        0,
        null,
        null
      ],
      "/home/gregory/Desktop/seed_shop/spec/features/create_category_pages_spec.rb": [
        1,
        null,
        1,
        1,
        1,
        1,
        0,
        0,
        0,
        0,
        null,
        null
      ],
      "/home/gregory/Desktop/seed_shop/spec/models/admin_spec.rb": [
        1,
        null,
        1,
        1,
        null
      ],
      "/home/gregory/Desktop/seed_shop/spec/models/category_spec.rb": [
        1,
        null,
        1,
        2,
        2,
        2,
        null
      ],
      "/home/gregory/Desktop/seed_shop/spec/models/product_spec.rb": [
        1,
        null,
        1,
        2,
        2,
        2,
        2,
        2,
        2,
        2,
        null
      ],
      "/home/gregory/Desktop/seed_shop/spec/models/user_spec.rb": [
        1,
        null,
        1,
        2,
        2,
        2,
        2,
        2,
        2,
        2,
        null
      ]
    },
    "timestamp": 1458697153
  }
}
